<?xml version="1.0" encoding="UTF-8"?>
<!-- Generated by org.testng.reporters.JUnitXMLReporter -->
<testsuite hostname="DESKTOP-TSU97K6" ignored="2" name="Regression Test" tests="8" failures="1" timestamp="2021-05-23T05:31:44 EET" time="2.147" errors="0">
  <testcase name="SuccessLogin" time="0.32" classname="tests.UserLoginTest"/>
  <testcase name="LoggedUserCanLogout" time="0.254" classname="tests.UserLoginTest"/>
  <testcase name="passwordShouldBeRequired" time="0.298" classname="tests.UserLoginTest"/>
  <testcase name="lockedUser" time="0.361" classname="tests.UserLoginTest"/>
  <testcase name="userNameShouldBeRequired" time="0.266" classname="tests.UserLoginTest"/>
  <testcase name="incorrectPassword" time="0.275" classname="tests.UserLoginTest"/>
  <testcase name="LoginWithEmptyAcess" time="0.232" classname="tests.UserLoginTest"/>
  <testcase name="SuccessLogin" time="0.098" classname="tests.CartPageTest">
    <failure type="java.lang.AssertionError" message="expected [true] but found [false]">
      <![CDATA[java.lang.AssertionError: expected [true] but found [false]
at tests.CartPageTest.SuccessLogin(CartPageTest.java:30)
at java.util.ArrayList.forEach(Unknown Source)
... Removed 31 stack frames]]>
    </failure>
  </testcase> <!-- SuccessLogin -->
  <testcase name="@BeforeSuite startDriver" time="0.0" classname="tests.TestBase">
    <ignored/>
  </testcase> <!-- @BeforeSuite startDriver -->
  <testcase name="@AfterSuite stopDriver" time="0.0" classname="tests.TestBase">
    <ignored/>
  </testcase> <!-- @AfterSuite stopDriver -->
</testsuite> <!-- Regression Test -->
